Log file open, 10/25/17 09:30:16
LogWindows: Failed to load 'aqProf.dll' (GetLastError=126)
LogWindows: File 'aqProf.dll' does not exist
LogWindows: Failed to load 'VSPerf140.dll' (GetLastError=126)
LogWindows: File 'VSPerf140.dll' does not exist
LogWindows: Failed to load 'VtuneApi.dll' (GetLastError=126)
LogWindows: File 'VtuneApi.dll' does not exist
LogWindows: Failed to load 'VtuneApi32e.dll' (GetLastError=126)
LogWindows: File 'VtuneApi32e.dll' does not exist
LogInit: Display: Running engine for game: BuildingEscape
LogPlatformFile: Not using cached read wrapper
LogInit: Display: RandInit(-1503793103) SRandInit(-1503793103).
LogTaskGraph: Started task graph with 5 named threads and 8 total threads with 3 sets of task threads.
LogStats: Stats thread started at 0.169946
LogD3D11RHI: Aftermath initialized
LogPluginManager: Mounting plugin Paper2D
LogPluginManager: Mounting plugin LightPropagationVolume
LogPluginManager: Mounting plugin CodeLiteSourceCodeAccess
LogPluginManager: Mounting plugin GitSourceControl
LogPluginManager: Mounting plugin KDevelopSourceCodeAccess
LogPluginManager: Mounting plugin NullSourceCodeAccess
LogPluginManager: Mounting plugin PerforceSourceControl
LogPluginManager: Mounting plugin SubversionSourceControl
LogPluginManager: Mounting plugin UObjectPlugin
LogPluginManager: Mounting plugin VisualStudioSourceCodeAccess
LogPluginManager: Mounting plugin XCodeSourceCodeAccess
LogPluginManager: Mounting plugin AssetManagerEditor
LogPluginManager: Mounting plugin AudioCapture
LogPluginManager: Mounting plugin FacialAnimation
LogPluginManager: Mounting plugin GameplayTagsEditor
LogPluginManager: Mounting plugin MobileLauncherProfileWizard
LogPluginManager: Mounting plugin PluginBrowser
LogPluginManager: Mounting plugin SpeedTreeImporter
LogPluginManager: Mounting plugin AlembicImporter
LogPluginManager: Mounting plugin CharacterAI
LogPluginManager: Mounting plugin HTML5Networking
LogPluginManager: Mounting plugin AndroidMedia
LogPluginManager: Mounting plugin AvfMedia
LogPluginManager: Mounting plugin MediaPlayerEditor
LogPluginManager: Mounting plugin WmfMedia
LogPluginManager: Mounting plugin TcpMessaging
LogPluginManager: Mounting plugin UdpMessaging
LogPluginManager: Mounting plugin LevelSequenceEditor
LogPluginManager: Mounting plugin MatineeToLevelSequence
LogPluginManager: Mounting plugin OnlineSubsystemGooglePlay
LogPluginManager: Mounting plugin OnlineSubsystemIOS
LogPluginManager: Mounting plugin OnlineSubsystem
LogPluginManager: Mounting plugin OnlineSubsystemNull
LogPluginManager: Mounting plugin OnlineSubsystemUtils
LogPluginManager: Mounting plugin AndroidDeviceProfileSelector
LogPluginManager: Mounting plugin AndroidMoviePlayer
LogPluginManager: Mounting plugin AndroidPermission
LogPluginManager: Mounting plugin AppleMoviePlayer
LogPluginManager: Mounting plugin ArchVisCharacter
LogPluginManager: Mounting plugin CableComponent
LogPluginManager: Mounting plugin CustomMeshComponent
LogPluginManager: Mounting plugin ExampleDeviceProfileSelector
LogPluginManager: Mounting plugin GoogleCloudMessaging
LogPluginManager: Mounting plugin ImmediatePhysics
LogPluginManager: Mounting plugin IOSDeviceProfileSelector
LogPluginManager: Mounting plugin LinuxDeviceProfileSelector
LogPluginManager: Mounting plugin LocationServicesBPLibrary
LogPluginManager: Mounting plugin MobilePatchingUtils
LogPluginManager: Mounting plugin OculusVR
LogPluginManager: Mounting plugin PhysXVehicles
LogPluginManager: Mounting plugin ProceduralMeshComponent
LogPluginManager: Mounting plugin RuntimePhysXCooking
LogPluginManager: Mounting plugin SteamVR
LogPluginManager: Mounting plugin WindowsMoviePlayer
LogInit: Using libcurl 7.47.1
LogInit:  - built for x86_64-pc-win32
LogInit:  - supports SSL with OpenSSL/1.0.2g
LogInit:  - supports HTTP deflate (compression) using libz 1.2.8
LogInit:  - other features:
LogInit:      CURL_VERSION_SSL
LogInit:      CURL_VERSION_LIBZ
LogInit:      CURL_VERSION_IPV6
LogInit:      CURL_VERSION_ASYNCHDNS
LogInit:      CURL_VERSION_LARGEFILE
LogInit:      CURL_VERSION_IDN
LogInit:  CurlRequestOptions (configurable via config and command line):
LogInit:  - bVerifyPeer = false  - Libcurl will NOT verify peer certificate
LogInit:  - bUseHttpProxy = false  - Libcurl will NOT use HTTP proxy
LogInit:  - bDontReuseConnections = false  - Libcurl will reuse connections
LogInit:  - CertBundlePath = nullptr  - Libcurl will use whatever was configured at build time.
LogInit: Build: ++UE4+Release-4.17-CL-3658906
LogInit: Engine Version: 4.17.2-3658906+++UE4+Release-4.17
LogInit: Compatible Engine Version: 4.17.0-3573198+++UE4+Release-4.17
LogInit: Net CL: 3573198
LogDevObjectVersion: Number of dev versions registered: 16
LogDevObjectVersion:   Dev-Blueprints (B0D832E4-1F89-4F0D-ACCF-7EB736FD4AA2): 10
LogDevObjectVersion:   Dev-Build (E1C64328-A22C-4D53-A36C-8E866417BD8C): 0
LogDevObjectVersion:   Dev-Core (375EC13C-06E4-48FB-B500-84F0262A717E): 2
LogDevObjectVersion:   Dev-Editor (E4B068ED-F494-42E9-A231-DA0B2E46BB41): 20
LogDevObjectVersion:   Dev-Framework (CFFC743F-43B0-4480-9391-14DF171D2073): 28
LogDevObjectVersion:   Dev-Mobile (B02B49B5-BB20-44E9-A304-32B752E40360): 0
LogDevObjectVersion:   Dev-Networking (A4E4105C-59A1-49B5-A7C5-40C4547EDFEE): 0
LogDevObjectVersion:   Dev-Online (39C831C9-5AE6-47DC-9A44-9C173E1C8E7C): 0
LogDevObjectVersion:   Dev-Physics (78F01B33-EBEA-4F98-B9B4-84EACCB95AA2): 0
LogDevObjectVersion:   Dev-Platform (6631380F-2D4D-43E0-8009-CF276956A95A): 0
LogDevObjectVersion:   Dev-Rendering (12F88B9F-8875-4AFC-A67C-D90C383ABD29): 19
LogDevObjectVersion:   Dev-Sequencer (7B5AE74C-D270-4C10-A958-57980B212A5A): 4
LogDevObjectVersion:   Dev-VR (D7296918-1DD6-4BDD-9DE2-64A83CC13884): 0
LogDevObjectVersion:   Dev-LoadTimes (C2A15278-BFE7-4AFE-6C17-90FF531DF755): 1
LogDevObjectVersion:   Private-Geometry (6EACA3D4-40EC-4CC1-B786-8BED09428FC5): 1
LogDevObjectVersion:   Dev-AnimPhys (29E575DD-E0A3-4627-9D10-D276232CDCEA): 7
LogInit: Compiled (64-bit): Sep 22 2017 13:47:16
LogInit: Compiled with Visual C++: 19.00.24215.01
LogInit: Build Configuration: Development
LogInit: Branch Name: ++UE4+Release-4.17
LogInit: Command line:  
LogInit: Base directory: C:/Program Files/Epic Games/UE_4.17/Engine/Binaries/Win64/
LogInit: Installed Engine Build: 1
LogInit: Presizing for max 8388607 objects, including 0 objects not considered by GC, pre-allocating 0 bytes for permanent pool.
LogInit: Object subsystem initialized
[2017.10.25-04.00.27:455][  0]LogInit: Selected Device Profile: [Windows]
[2017.10.25-04.00.27:455][  0]LogInit: Applying CVar settings loaded from the selected device profile: [Windows]
[2017.10.25-04.00.27:676][  0]LogInit: Computer: HYDLAPKUDUPUSA
[2017.10.25-04.00.27:676][  0]LogInit: User: GowthamKudupudi
[2017.10.25-04.00.27:676][  0]LogInit: CPU Page size=4096, Cores=2
[2017.10.25-04.00.27:676][  0]LogInit: High frequency timer resolution =2.343752 MHz
[2017.10.25-04.00.27:677][  0]LogMemory: Memory total: Physical=7.9GB (8GB approx)
[2017.10.25-04.00.27:702][  0]LogMemory: Platform Memory Stats for Windows
[2017.10.25-04.00.27:702][  0]LogMemory: Process Physical Memory: 278.24 MB used, 278.24 MB peak
[2017.10.25-04.00.27:703][  0]LogMemory: Process Virtual Memory: 277.57 MB used, 277.57 MB peak
[2017.10.25-04.00.27:703][  0]LogMemory: Physical Memory: 4974.84 MB used,  3115.54 MB free, 8090.38 MB total
[2017.10.25-04.00.27:703][  0]LogMemory: Virtual Memory: 654.83 MB used,  3115.54 MB free, 134217728.00 MB total
[2017.10.25-04.00.33:399][  0]LogInit: Using OS detected language (en-US).
[2017.10.25-04.00.33:399][  0]LogInit: Using OS detected locale (en-IN).
[2017.10.25-04.00.34:150][  0]LogTextLocalizationManager: No specific localization for 'en-US' exists, so the 'en' localization will be used.
[2017.10.25-04.00.47:780][  0]LogD3D11RHI: D3D11 adapters:
[2017.10.25-04.00.48:718][  0]LogD3D11RHI:    0. 'Intel(R) HD Graphics 520' (Feature Level 11_0)
[2017.10.25-04.00.48:718][  0]LogD3D11RHI:       128/0/4045 MB DedicatedVideo/DedicatedSystem/SharedSystem, Outputs:2, VendorId:0x8086
[2017.10.25-04.00.48:835][  0]LogD3D11RHI:    1. 'Microsoft Basic Render Driver' (Feature Level 11_0)
[2017.10.25-04.00.48:835][  0]LogD3D11RHI:       0/0/4045 MB DedicatedVideo/DedicatedSystem/SharedSystem, Outputs:0, VendorId:0x1414
[2017.10.25-04.00.48:835][  0]LogD3D11RHI: Chosen D3D11 Adapter: 0
[2017.10.25-04.00.48:878][  0]LogD3D11RHI: Creating new Direct3DDevice
[2017.10.25-04.00.48:878][  0]LogD3D11RHI:     GPU DeviceId: 0x1916 (for the marketing name, search the web for "GPU Device Id")
[2017.10.25-04.00.48:878][  0]LogWindows: EnumDisplayDevices:
[2017.10.25-04.00.48:879][  0]LogWindows:    0. 'Intel(R) HD Graphics 520' (P:1 D:1)
[2017.10.25-04.00.48:879][  0]LogWindows:    1. 'Intel(R) HD Graphics 520' (P:0 D:1)
[2017.10.25-04.00.48:879][  0]LogWindows:    2. 'Intel(R) HD Graphics 520' (P:0 D:0)
[2017.10.25-04.00.48:879][  0]LogWindows: DebugString: FoundDriverCount:3 
[2017.10.25-04.00.48:879][  0]LogD3D11RHI:     Adapter Name: Intel(R) HD Graphics 520
[2017.10.25-04.00.48:879][  0]LogD3D11RHI:   Driver Version: 22.20.16.4815 (internal:22.20.16.4815, unified:22.20.16.4815)
[2017.10.25-04.00.48:879][  0]LogD3D11RHI:      Driver Date: 9-26-2017
[2017.10.25-04.00.48:879][  0]LogRHI: Texture pool is 1361 MB (70% of 1945 MB)
[2017.10.25-04.00.48:888][  0]LogD3D11RHI: Async texture creation enabled
[2017.10.25-04.00.49:362][  0]LogD3D11RHI: GPU Timing Frequency: 12.000000 (Debug: 2 0)
[2017.10.25-04.00.49:520][  0]LogShaderCompilers: Guid format shader working directory is 29 characters bigger than the processId version (D:/workspace/BuildingEscape/Intermediate/Shaders/WorkingDirectory/19316/).
[2017.10.25-04.00.49:520][  0]LogShaderCompilers: Cleaned the shader compiler working directory 'C:/Users/gowtham.kudupudi/AppData/Local/Temp/UnrealShaderWorkingDir/F738D0904D4210AAB18B45A566D5AB56/'.
[2017.10.25-04.00.49:540][  0]LogShaderCompilers: Display: Using Local Shader Compiler.
[2017.10.25-04.01.09:099][  0]LogTemp: Display: Loaded TP AllDesktopTargetPlatform
[2017.10.25-04.01.09:605][  0]LogTemp: Display: Loaded TP MacClientTargetPlatform
[2017.10.25-04.01.09:837][  0]LogTemp: Display: Loaded TP MacNoEditorTargetPlatform
[2017.10.25-04.01.10:066][  0]LogTemp: Display: Loaded TP MacServerTargetPlatform
[2017.10.25-04.01.10:304][  0]LogTemp: Display: Loaded TP MacTargetPlatform
[2017.10.25-04.01.10:534][  0]LogTemp: Display: Loaded TP WindowsClientTargetPlatform
[2017.10.25-04.01.10:830][  0]LogTemp: Display: Loaded TP WindowsNoEditorTargetPlatform
[2017.10.25-04.01.11:065][  0]LogTemp: Display: Loaded TP WindowsServerTargetPlatform
[2017.10.25-04.01.11:284][  0]LogTemp: Display: Loaded TP WindowsTargetPlatform
[2017.10.25-04.01.11:529][  0]LogTemp: Display: Loaded TP AndroidTargetPlatform
[2017.10.25-04.01.11:796][  0]LogTemp: Display: Loaded TP Android_ASTCTargetPlatform
[2017.10.25-04.01.12:026][  0]LogTemp: Display: Loaded TP Android_ATCTargetPlatform
[2017.10.25-04.01.12:285][  0]LogTemp: Display: Loaded TP Android_DXTTargetPlatform
[2017.10.25-04.01.12:524][  0]LogTemp: Display: Loaded TP Android_ETC1TargetPlatform
[2017.10.25-04.01.12:750][  0]LogTemp: Display: Loaded TP Android_ETC2TargetPlatform
[2017.10.25-04.01.13:198][  0]LogTemp: Display: Loaded TP Android_MultiTargetPlatform
[2017.10.25-04.01.13:198][  0]LogTemp: Display: Loaded TP Android_PVRTCTargetPlatform
[2017.10.25-04.01.13:415][  0]LogTemp: Display: Loaded TP HTML5TargetPlatform
[2017.10.25-04.01.13:973][  0]LogTemp: Display: Loaded TP IOSTargetPlatform
[2017.10.25-04.01.14:109][  0]LogTemp: Display: Loaded TP TVOSTargetPlatform
[2017.10.25-04.01.14:333][  0]LogTemp: Display: Loaded TP LinuxClientTargetPlatform
[2017.10.25-04.01.14:560][  0]LogTemp: Display: Loaded TP LinuxNoEditorTargetPlatform
[2017.10.25-04.01.14:788][  0]LogTemp: Display: Loaded TP LinuxServerTargetPlatform
[2017.10.25-04.01.15:057][  0]LogTemp: Display: Loaded TP LinuxTargetPlatform
[2017.10.25-04.01.15:057][  0]LogTargetPlatformManager: Display: Building Assets For Windows
[2017.10.25-04.01.20:050][  0]LogDerivedDataCache: Display: Max Cache Size: 512 MB
[2017.10.25-04.01.21:309][  0]LogDerivedDataCache: Loaded boot cache 1.24s 93MB C:/Users/gowtham.kudupudi/AppData/Local/UnrealEngine/4.17/DerivedDataCache/Boot.ddc.
[2017.10.25-04.01.21:309][  0]LogDerivedDataCache: Display: Loaded Boot cache: C:/Users/gowtham.kudupudi/AppData/Local/UnrealEngine/4.17/DerivedDataCache/Boot.ddc
[2017.10.25-04.01.21:309][  0]LogDerivedDataCache: FDerivedDataBackendGraph:  Pak pak cache file D:/workspace/BuildingEscape/DerivedDataCache/DDC.ddp not found, will not use a pak cache.
[2017.10.25-04.01.21:309][  0]LogDerivedDataCache: Unable to find inner node Pak for hierarchical cache Hierarchy.
[2017.10.25-04.01.21:309][  0]LogDerivedDataCache: FDerivedDataBackendGraph:  CompressedPak pak cache file D:/workspace/BuildingEscape/DerivedDataCache/Compressed.ddp not found, will not use a pak cache.
[2017.10.25-04.01.21:309][  0]LogDerivedDataCache: Unable to find inner node CompressedPak for hierarchical cache Hierarchy.
[2017.10.25-04.01.21:399][  0]LogDerivedDataCache: Display: Pak cache opened for reading ../../../Engine/DerivedDataCache/Compressed.ddp.
[2017.10.25-04.01.21:415][  0]LogDerivedDataCache: Using Local data cache path C:/Users/gowtham.kudupudi/AppData/Local/UnrealEngine/Common/DerivedDataCache: Writable
[2017.10.25-04.01.21:485][  0]LogMaterial: Verifying Global Shaders for PCD3D_SM5
[2017.10.25-04.01.21:538][  0]LogSlate: Using Freetype 2.6.0
[2017.10.25-04.01.21:617][  0]LogSlate: SlateFontCache - WITH_FREETYPE: 1, WITH_HARFBUZZ: 1
[2017.10.25-04.01.21:617][  0]LogSlate: SlateFontCache - WITH_FREETYPE: 1, WITH_HARFBUZZ: 1
[2017.10.25-04.01.42:272][  0]LogAssetRegistry: FAssetRegistry took 0.0480 seconds to start up
[2017.10.25-04.01.43:622][  0]LogInit: Selected Device Profile: [Windows]
[2017.10.25-04.01.47:032][  0]LogContentStreaming: Texture pool size is 0.00 MB
[2017.10.25-04.01.51:057][  0]LogSimplygon: Simplygon DLL not present - disabling.
[2017.10.25-04.01.51:281][  0]LogMeshReduction: Using SimplygonSwarm for distributed automatic mesh merging
[2017.10.25-04.01.51:281][  0]LogMeshReduction: Using QuadricMeshReduction for automatic static mesh reduction
[2017.10.25-04.01.51:281][  0]LogMeshReduction: No automatic skeletal mesh reduction module available
[2017.10.25-04.01.51:281][  0]LogMeshReduction: No automatic mesh merging module available
[2017.10.25-04.01.51:281][  0]LogMeshMerging: No automatic mesh merging module available
[2017.10.25-04.01.54:417][  0]LogNetVersion: BuildingEscape , NetCL: 3573198, EngineNetVer: 2, GameNetVer: 0 (Checksum: 3580536536)
[2017.10.25-04.01.56:497][  0]LogPackageLocalizationCache: Processed 5 localized package path(s) for 2 prioritized culture(s) in 0.210938 seconds
[2017.10.25-04.01.56:524][  0]LogUObjectArray: 35825 objects as part of root set at end of initial load.
[2017.10.25-04.01.56:524][  0]LogUObjectAllocator: 7529112 out of 0 bytes used by permanent object pool.
[2017.10.25-04.01.56:524][  0]LogUObjectArray: CloseDisregardForGC: 0/0 objects in disregard for GC pool
[2017.10.25-04.01.56:963][  0]LogInit: WinSock: version 1.1 (2.2), MaxSocks=32767, MaxUdp=65467
[2017.10.25-04.02.33:376][  0]LogTcpMessaging: Initializing TcpMessaging bridge
[2017.10.25-04.02.33:536][  0]LogUdpMessaging: Initializing bridge on interface 0.0.0.0:0 to multicast group 230.0.0.1:6666.
[2017.10.25-04.02.38:219][  0]LogMaterial: Uniform references updated for custom material expression Custom.
[2017.10.25-04.02.40:396][  0]SourceControl: Source control is disabled
[2017.10.25-04.02.40:397][  0]SourceControl: Source control is disabled
[2017.10.25-04.02.40:634][  0]SourceControl: Source control is disabled
[2017.10.25-04.02.40:869][  0]SourceControl: Source control is disabled
[2017.10.25-04.02.44:802][  0]LogAndroidPermission: UAndroidPermissionCallbackProxy::GetInstance
[2017.10.25-04.02.46:053][  0]LogOcInput: OculusInput pre-init called
[2017.10.25-04.02.48:072][  0]LogEngine: Initializing Engine...
[2017.10.25-04.02.48:126][  0]LogHMD: Failed to initialize OpenVR with code 110
[2017.10.25-04.02.49:384][  0]LogStats: UGameplayTagsManager::ConstructGameplayTagTree: Construct from data asset -  0.000 s
[2017.10.25-04.02.49:384][  0]LogStats: UGameplayTagsManager::ConstructGameplayTagTree: GameplayTagTreeChangedEvent.Broadcast -  0.000 s
[2017.10.25-04.02.50:697][  0]LogAIModule: Creating AISystem for world Untitled
[2017.10.25-04.02.51:116][  0]LogInit: XAudio2 using 'Speakers (Realtek High Definition Audio)' : 2 channels at 48 kHz using 32 bits per sample (channel mask 0x3)
[2017.10.25-04.02.51:736][  0]LogInit: FAudioDevice initialized.
[2017.10.25-04.02.52:375][  0]LogDerivedDataCache: Saved boot cache 0.63s 93MB C:/Users/gowtham.kudupudi/AppData/Local/UnrealEngine/4.17/DerivedDataCache/Boot.ddc.
[2017.10.25-04.02.52:418][  0]LogInit: Texture streaming: Enabled
[2017.10.25-04.02.53:795][  0]LogEngineSessionManager: EngineSessionManager initialized
[2017.10.25-04.03.02:217][  0]LogInit: Transaction tracking system initialized
[2017.10.25-04.03.04:749][  0]BlueprintLog: New page: Editor Load
[2017.10.25-04.03.13:998][  0]LocalizationService: Localization service is disabled
[2017.10.25-04.03.22:275][  0]LogConsoleResponse: Display: 
[2017.10.25-04.03.27:349][  0]LogCook: Display: Max memory allowance for cook 16384mb min free memory 0mb
[2017.10.25-04.03.27:350][  0]LogCook: Display: Mobile HDR setting 1
[2017.10.25-04.03.27:350][  0]LogGameplayTags: Display: UGameplayTagsManager::DoneAddingNativeTags. DelegateIsBound: 0
[2017.10.25-04.03.27:804][  0]LogFileCache: Scanning file cache for directory 'D:/workspace/BuildingEscape/Content/' took 0.03s
[2017.10.25-04.03.39:344][  0]SourceControl: Source control is disabled
[2017.10.25-04.03.39:345][  0]Cmd: MAP LOAD FILE="D:/workspace/BuildingEscape/Content/Maps/NewMap.umap" TEMPLATE=0 SHOWPROGRESS=1 FEATURELEVEL=3
[2017.10.25-04.03.39:346][  0]LightingResults: New page: Lighting Build
[2017.10.25-04.03.40:596][  0]MapCheck: New page: Map Check
[2017.10.25-04.03.40:597][  0]LightingResults: New page: Lighting Build
[2017.10.25-04.03.54:406][  0]LogAIModule: Creating AISystem for world NewMap
[2017.10.25-04.03.55:328][  0]LogEditorServer: Finished looking for orphan Actors (0.000 secs)
[2017.10.25-04.03.55:572][  0]Cmd: MAP CHECKDEP NOCLEARLOG
[2017.10.25-04.03.55:979][  0]MapCheck: Map check complete: 0 Error(s), 0 Warning(s), took 405.901ms to complete.
[2017.10.25-04.03.55:979][  0]LogFileHelpers: Loading map 'NewMap' took 16.634
[2017.10.25-04.03.59:402][  0]LogCollectionManager: Loaded 0 collections in 0.005629 seconds
[2017.10.25-04.03.59:767][  0]LogFileCache: Scanning file cache for directory 'D:/workspace/BuildingEscape/Saved/Collections/' took 0.01s
[2017.10.25-04.03.59:767][  0]LogFileCache: Scanning file cache for directory 'D:/workspace/BuildingEscape/Content/Developers/GowthamKudupudi/Collections/' took 0.01s
[2017.10.25-04.03.59:767][  0]LogFileCache: Scanning file cache for directory 'D:/workspace/BuildingEscape/Content/Collections/' took 0.01s
[2017.10.25-04.03.59:767][  0]LogCollectionManager: Rebuilt the GUID cache for 0 collections in 0.000000 seconds
[2017.10.25-04.03.59:780][  0]LogContentBrowser: Native class hierarchy populated in 0.0125 seconds. Added 2391 classes and 504 folders.
[2017.10.25-04.04.00:384][  0]LogContentBrowser: Native class hierarchy updated for 'WidgetCarousel' in 0.0034 seconds. Added 0 classes and 0 folders.
[2017.10.25-04.04.05:883][  0]LogContentBrowser: Native class hierarchy updated for 'AddContentDialog' in 0.0098 seconds. Added 0 classes and 0 folders.
[2017.10.25-04.04.05:965][  0]LogSlate: Took 0.012020 seconds to synchronously load lazily loaded font '../../../Engine/Content/Slate/Fonts/Roboto-Regular.ttf' (155K)
[2017.10.25-04.04.06:004][  0]LogSlate: Took 0.018015 seconds to synchronously load lazily loaded font '../../../Engine/Content/Slate/Fonts/Roboto-Bold.ttf' (160K)
[2017.10.25-04.04.06:016][  0]LogSlate: Took 0.005978 seconds to synchronously load lazily loaded font '../../../Engine/Content/Editor/Slate/Fonts/FontAwesome.ttf' (139K)
[2017.10.25-04.04.06:253][  0]LogRenderer: Reallocating scene render targets to support 476x168 Format 10 NumSamples 1 (Frame:1).
[2017.10.25-04.04.08:526][  0]LogSlate: Took 0.026015 seconds to synchronously load lazily loaded font '../../../Engine/Content/Slate/Fonts/Roboto-Light.ttf' (159K)
[2017.10.25-04.04.09:576][  0]LogContentBrowser: Native class hierarchy updated for 'HierarchicalLODOutliner' in 0.0085 seconds. Added 1 classes and 2 folders.
[2017.10.25-04.04.09:577][  0]LogLoad: (Engine Initialization) Total time: 241.07 seconds
[2017.10.25-04.04.09:577][  0]LogLoad: (Engine Initialization) Total Blueprint compile time: 0.00 seconds
[2017.10.25-04.04.09:578][  0]LogExternalProfiler: No external profilers were discovered.  External profiling features will not be available.
[2017.10.25-04.04.10:112][  0]LogRenderer: Reallocating scene render targets to support 476x256 Format 10 NumSamples 1 (Frame:1).
[2017.10.25-04.04.10:112][  0]LogContentStreaming: Texture pool size now 1000 MB
[2017.10.25-04.04.11:706][  3]LogAssetRegistry: Asset discovery search completed in 149.4560 seconds
[2017.10.25-04.04.11:762][  3]LogCollectionManager: Rebuilt the object cache for 0 collections in 0.000002 seconds (found 0 objects)
[2017.10.25-04.04.11:763][  3]LogCollectionManager: Fixed up redirectors for 0 collections in 0.000603 seconds (updated 0 objects)
[2017.10.25-04.05.36:208][339]LogRenderer: Reallocating scene render targets to support 596x328 Format 10 NumSamples 1 (Frame:2043).
[2017.10.25-04.05.36:412][340]LogRenderer: Reallocating scene render targets to support 824x452 Format 10 NumSamples 1 (Frame:2045).
[2017.10.25-04.05.36:716][341]LogRenderer: Reallocating scene render targets to support 892x492 Format 10 NumSamples 1 (Frame:2048).
[2017.10.25-04.05.45:538][553]LogRenderer: Reallocating scene render targets to support 892x496 Format 10 NumSamples 1 (Frame:2240).
[2017.10.25-04.05.45:714][554]LogRenderer: Reallocating scene render targets to support 892x504 Format 10 NumSamples 1 (Frame:2242).
[2017.10.25-04.05.45:983][555]LogRenderer: Reallocating scene render targets to support 892x524 Format 10 NumSamples 1 (Frame:2244).
[2017.10.25-04.05.46:096][556]LogRenderer: Reallocating scene render targets to support 892x548 Format 10 NumSamples 1 (Frame:2245).
[2017.10.25-04.05.46:235][557]LogRenderer: Reallocating scene render targets to support 892x552 Format 10 NumSamples 1 (Frame:2247).
[2017.10.25-04.05.46:344][558]LogRenderer: Reallocating scene render targets to support 892x564 Format 10 NumSamples 1 (Frame:2249).
[2017.10.25-04.05.46:476][559]LogRenderer: Reallocating scene render targets to support 892x572 Format 10 NumSamples 1 (Frame:2251).
[2017.10.25-04.05.46:574][560]LogRenderer: Reallocating scene render targets to support 892x580 Format 10 NumSamples 1 (Frame:2253).
[2017.10.25-04.05.46:673][561]LogRenderer: Reallocating scene render targets to support 892x584 Format 10 NumSamples 1 (Frame:2255).
[2017.10.25-04.05.46:783][562]LogRenderer: Reallocating scene render targets to support 892x588 Format 10 NumSamples 1 (Frame:2257).
[2017.10.25-04.05.46:897][563]LogRenderer: Reallocating scene render targets to support 892x592 Format 10 NumSamples 1 (Frame:2259).
[2017.10.25-04.05.47:049][565]LogRenderer: Reallocating scene render targets to support 892x596 Format 10 NumSamples 1 (Frame:2263).
[2017.10.25-04.05.47:155][566]LogRenderer: Reallocating scene render targets to support 892x600 Format 10 NumSamples 1 (Frame:2265).
[2017.10.25-04.05.47:244][567]LogRenderer: Reallocating scene render targets to support 892x604 Format 10 NumSamples 1 (Frame:2267).
[2017.10.25-04.05.47:334][568]LogRenderer: Reallocating scene render targets to support 892x608 Format 10 NumSamples 1 (Frame:2269).
[2017.10.25-04.05.47:519][571]LogRenderer: Reallocating scene render targets to support 892x612 Format 10 NumSamples 1 (Frame:2273).
[2017.10.25-04.05.47:743][578]LogRenderer: Reallocating scene render targets to support 892x616 Format 10 NumSamples 1 (Frame:2277).
[2017.10.25-04.05.47:938][581]LogRenderer: Reallocating scene render targets to support 892x620 Format 10 NumSamples 1 (Frame:2281).
[2017.10.25-04.05.48:400][604]LogRenderer: Reallocating scene render targets to support 892x624 Format 10 NumSamples 1 (Frame:2287).
[2017.10.25-04.05.48:701][616]LogRenderer: Reallocating scene render targets to support 892x628 Format 10 NumSamples 1 (Frame:2291).
[2017.10.25-04.05.48:818][618]LogRenderer: Reallocating scene render targets to support 892x636 Format 10 NumSamples 1 (Frame:2293).
[2017.10.25-04.05.48:923][619]LogRenderer: Reallocating scene render targets to support 892x640 Format 10 NumSamples 1 (Frame:2295).
[2017.10.25-04.05.51:591][764]LogRenderer: Reallocating scene render targets to support 892x644 Format 10 NumSamples 1 (Frame:2319).
[2017.10.25-04.05.51:965][773]LogRenderer: Reallocating scene render targets to support 892x648 Format 10 NumSamples 1 (Frame:2325).
[2017.10.25-04.05.52:085][775]LogRenderer: Reallocating scene render targets to support 892x652 Format 10 NumSamples 1 (Frame:2327).
[2017.10.25-04.05.52:228][776]LogRenderer: Reallocating scene render targets to support 892x656 Format 10 NumSamples 1 (Frame:2329).
[2017.10.25-04.05.52:354][777]LogRenderer: Reallocating scene render targets to support 892x660 Format 10 NumSamples 1 (Frame:2331).
[2017.10.25-04.05.52:471][778]LogRenderer: Reallocating scene render targets to support 892x664 Format 10 NumSamples 1 (Frame:2333).
[2017.10.25-04.05.52:566][779]LogRenderer: Reallocating scene render targets to support 892x668 Format 10 NumSamples 1 (Frame:2335).
[2017.10.25-04.11.28:842][290]LogSlate: Took 0.012183 seconds to synchronously load lazily loaded font '../../../Engine/Content/Editor/Slate/Fonts/Roboto-Italic.ttf' (157K)
[2017.10.25-04.14.51:401][863]LogRenderer: Reallocating scene render targets to support 952x668 Format 10 NumSamples 1 (Frame:9143).
[2017.10.25-04.15.06:384][908]LogD3D11RHI: Timed out while waiting for GPU to catch up. (0.5 s)
